SF:lib\data\models\remote_user_model.dart
DA:4,0
DA:7,0
DA:12,0
DA:13,0
DA:14,0
DA:17,0
DA:18,0
DA:19,0
DA:20,0
DA:23,0
DA:24,0
DA:25,0
LF:12
LH:0
end_of_record
SF:lib\domain\entities\user_entity.dart
DA:5,2
LF:1
LH:1
end_of_record
SF:lib\data\usecases\remote_add_user.dart
DA:10,0
DA:11,0
DA:14,0
DA:16,0
LF:4
LH:0
end_of_record
SF:lib\data\usecases\remote_sign_in.dart
DA:9,1
DA:11,1
DA:14,2
DA:16,1
DA:18,1
DA:20,1
DA:22,1
DA:24,1
LF:8
LH:8
end_of_record
SF:lib\data\usecases\remote_sign_up.dart
DA:8,1
DA:10,1
DA:13,2
DA:15,1
DA:17,1
DA:19,1
DA:21,1
DA:23,1
LF:8
LH:8
end_of_record
SF:lib\infra\firebase\firebase_auth_adapter.dart
DA:7,1
DA:9,1
DA:13,2
DA:15,1
DA:16,1
DA:17,1
DA:19,1
DA:21,1
DA:23,1
DA:29,1
DA:33,2
DA:35,1
DA:36,1
DA:37,1
DA:39,1
DA:41,1
DA:43,1
LF:17
LH:17
end_of_record
SF:lib\infra\firebase\firebase_database_adapter.dart
DA:11,0
DA:12,0
DA:13,0
DA:16,0
DA:20,0
DA:21,0
DA:22,0
DA:23,0
DA:24,0
DA:25,0
DA:29,0
DA:34,0
DA:39,0
DA:40,0
DA:41,0
DA:42,0
DA:43,0
DA:47,0
LF:18
LH:0
end_of_record
SF:lib\presentation\controllers\sign_in\sign_in_state.dart
DA:4,3
DA:17,2
LF:2
LH:2
end_of_record
SF:lib\presentation\controllers\sign_in\sign_in_controller.dart
DA:10,9
DA:12,2
DA:13,4
DA:16,4
DA:18,4
DA:19,2
DA:21,2
DA:22,2
DA:24,2
DA:25,2
DA:27,2
DA:28,4
DA:31,4
DA:36,2
DA:37,4
LF:15
LH:15
end_of_record
SF:lib\presentation\helpers\errors\ui_error.dart
DA:15,2
DA:17,2
DA:18,0
DA:20,2
DA:21,2
DA:23,2
DA:24,2
DA:26,2
DA:27,2
DA:29,2
DA:30,2
DA:32,2
DA:33,0
DA:35,2
DA:36,2
DA:39,4
LF:16
LH:14
end_of_record
SF:lib\presentation\helpers\i18n\resources.dart
DA:6,6
DA:8,0
DA:9,0
DA:10,0
DA:11,0
DA:14,0
LF:6
LH:1
end_of_record
SF:lib\presentation\helpers\i18n\strings\en_us.dart
DA:4,0
DA:7,0
DA:10,0
DA:13,0
DA:16,0
DA:19,0
DA:22,0
DA:25,0
DA:28,0
DA:31,0
DA:34,0
DA:37,0
DA:40,0
DA:43,0
DA:46,0
DA:49,0
DA:52,0
DA:55,0
DA:58,0
DA:61,0
DA:64,0
DA:67,0
DA:70,0
DA:73,0
LF:24
LH:0
end_of_record
SF:lib\presentation\helpers\i18n\strings\pt_br.dart
DA:4,1
DA:7,1
DA:10,1
DA:13,2
DA:16,2
DA:20,2
DA:23,0
DA:26,2
DA:29,1
DA:32,2
DA:35,2
DA:38,2
DA:41,0
DA:44,0
DA:47,2
DA:50,0
DA:53,1
DA:56,0
DA:59,1
DA:62,1
DA:65,1
DA:68,2
DA:71,2
DA:74,2
LF:24
LH:19
end_of_record
SF:lib\presentation\helpers\mixins\ui_error_manager.dart
DA:7,2
DA:8,2
DA:9,4
DA:10,2
DA:14,4
LF:5
LH:5
end_of_record
SF:lib\presentation\helpers\validators\input_validators.dart
DA:4,2
DA:5,8
DA:8,2
DA:9,2
DA:13,2
DA:16,6
DA:17,4
DA:20,1
DA:22,1
DA:24,1
DA:30,1
DA:31,2
LF:12
LH:12
end_of_record
SF:lib\shared\themes\app_color.dart
DA:6,0
DA:7,0
DA:9,4
DA:10,0
DA:12,0
DA:13,4
DA:24,0
LF:7
LH:2
end_of_record
SF:lib\shared\themes\app_theme.dart
DA:8,0
DA:11,0
DA:12,0
DA:14,0
DA:16,0
DA:17,0
DA:24,0
DA:25,0
DA:27,0
DA:30,0
DA:31,0
DA:38,0
DA:39,0
DA:41,0
DA:42,0
DA:44,0
LF:16
LH:0
end_of_record
SF:lib\presentation\controllers\sign_up\sign_up_state.dart
DA:4,6
DA:16,3
LF:2
LH:2
end_of_record
SF:lib\presentation\controllers\sign_up\sign_up_controller.dart
DA:14,3
DA:17,6
DA:19,2
DA:23,4
DA:26,4
DA:28,4
DA:30,4
DA:31,2
DA:33,2
DA:34,2
DA:36,2
DA:37,2
DA:39,2
DA:40,2
DA:42,2
DA:43,2
DA:46,2
DA:51,2
DA:52,4
LF:19
LH:19
end_of_record
SF:lib\route_generator.dart
DA:6,2
DA:7,2
DA:8,2
DA:9,2
DA:10,2
DA:11,4
DA:12,2
DA:13,0
DA:14,2
DA:15,4
DA:17,0
LF:11
LH:9
end_of_record
SF:lib\presentation\pages\forgot_password\forgot_password_page.dart
DA:7,2
DA:9,0
DA:10,0
DA:17,0
DA:19,0
DA:20,0
DA:22,0
DA:24,0
DA:25,0
DA:26,0
DA:27,0
DA:29,0
DA:30,0
DA:31,0
DA:32,0
DA:33,0
DA:34,0
DA:35,0
DA:36,0
DA:37,0
DA:39,0
DA:40,0
DA:41,0
LF:23
LH:1
end_of_record
SF:lib\presentation\pages\forgot_password\widgets\form_container_widget.dart
DA:9,0
DA:13,0
DA:15,0
DA:16,0
DA:22,0
DA:24,0
DA:25,0
DA:26,0
DA:27,0
DA:31,0
DA:32,0
DA:34,0
DA:35,0
LF:13
LH:0
end_of_record
SF:lib\presentation\pages\forgot_password\widgets\header_widget.dart
DA:8,0
DA:11,0
DA:13,0
DA:15,0
DA:16,0
DA:17,0
DA:18,0
DA:20,0
DA:21,0
DA:23,0
DA:25,0
LF:11
LH:0
end_of_record
SF:lib\presentation\pages\home\home_page.dart
DA:4,2
DA:6,2
LF:2
LH:2
end_of_record
SF:lib\presentation\pages\sign_in\sign_in_page.dart
DA:14,3
DA:16,1
DA:17,1
DA:27,1
DA:29,3
DA:30,1
DA:33,1
DA:36,1
DA:39,1
DA:41,1
DA:44,1
DA:45,2
DA:46,1
DA:47,1
DA:48,2
DA:50,3
DA:51,1
DA:52,1
DA:53,1
DA:54,1
DA:56,1
DA:57,1
DA:59,2
DA:62,1
DA:63,1
DA:64,1
DA:65,1
DA:66,1
DA:67,1
DA:68,1
DA:69,1
DA:70,3
DA:71,1
DA:72,1
DA:76,1
DA:77,3
DA:78,2
DA:82,1
DA:83,1
DA:84,1
DA:85,1
DA:87,1
DA:88,3
DA:89,2
DA:90,2
DA:91,2
DA:94,1
DA:98,1
DA:99,2
DA:106,1
DA:107,1
DA:108,2
DA:109,1
DA:110,1
DA:112,1
DA:114,1
DA:115,2
DA:117,1
DA:119,1
DA:120,2
DA:121,1
DA:123,1
DA:125,1
DA:126,1
DA:127,3
DA:128,1
DA:129,1
LF:67
LH:67
end_of_record
SF:lib\shared\widgets\header_widget.dart
DA:9,2
DA:15,2
DA:17,2
DA:19,2
DA:20,6
DA:21,10
DA:22,2
DA:24,2
DA:25,2
DA:26,4
DA:27,2
DA:28,4
DA:30,2
DA:32,2
DA:33,2
LF:15
LH:15
end_of_record
SF:lib\presentation\pages\sign_in\widgets\form_container_widget.dart
DA:12,1
DA:17,1
DA:19,1
DA:20,1
DA:26,1
DA:28,1
DA:29,1
DA:30,1
DA:31,2
DA:32,2
DA:35,1
DA:36,1
DA:41,1
DA:42,2
DA:46,2
DA:47,1
DA:48,1
DA:49,1
DA:50,1
DA:51,2
DA:52,0
DA:53,0
DA:54,0
DA:59,1
DA:60,0
DA:61,0
DA:63,1
DA:66,1
DA:67,2
DA:68,1
DA:69,1
DA:75,1
DA:76,3
LF:33
LH:28
end_of_record
SF:lib\presentation\pages\sign_up\sign_up_page.dart
DA:15,3
DA:17,2
DA:18,2
DA:31,2
DA:33,6
DA:34,2
DA:37,2
DA:40,2
DA:43,2
DA:45,2
DA:48,2
DA:49,4
DA:50,2
DA:51,2
DA:52,4
DA:54,6
DA:55,2
DA:56,2
DA:57,2
DA:58,2
DA:59,2
DA:60,2
DA:63,4
DA:65,2
DA:66,2
DA:67,2
DA:68,2
DA:69,2
DA:71,2
DA:73,2
DA:74,2
DA:75,2
DA:76,2
DA:77,3
DA:78,3
DA:79,1
DA:80,1
DA:85,2
DA:86,3
DA:87,2
DA:91,2
DA:92,2
DA:93,2
DA:94,2
DA:96,1
DA:97,3
DA:98,1
DA:99,3
DA:101,2
DA:102,2
DA:103,2
DA:107,2
DA:111,2
DA:112,4
DA:119,2
DA:120,2
DA:121,4
DA:122,2
DA:123,2
DA:126,2
DA:128,0
DA:129,0
DA:130,0
DA:131,0
DA:133,2
DA:135,2
DA:136,4
DA:137,2
DA:139,2
DA:141,2
DA:142,2
DA:143,6
DA:144,2
DA:145,2
LF:74
LH:70
end_of_record
SF:lib\presentation\pages\sign_up\widgets\form_container_widget.dart
DA:13,2
DA:20,2
DA:22,2
DA:23,2
DA:29,2
DA:31,2
DA:32,2
DA:33,2
DA:34,4
DA:35,4
DA:38,1
DA:39,1
DA:44,2
DA:45,4
DA:46,4
DA:49,1
DA:50,1
DA:55,2
DA:56,4
DA:60,4
DA:61,2
DA:62,1
DA:63,1
DA:64,2
DA:65,4
DA:66,0
DA:67,0
DA:68,0
DA:76,2
DA:80,4
DA:81,2
DA:82,2
DA:83,3
DA:84,2
DA:85,4
DA:86,0
DA:87,0
DA:88,0
DA:93,2
DA:94,6
LF:40
LH:34
end_of_record
SF:lib\shared\widgets\custom_text_form_field_widget.dart
DA:22,2
DA:39,2
DA:41,2
DA:43,2
DA:44,2
DA:45,2
DA:46,4
DA:47,2
DA:48,2
DA:49,2
DA:51,2
DA:53,2
DA:54,2
DA:55,2
DA:60,2
DA:62,2
DA:64,2
LF:17
LH:17
end_of_record
